2021-07-27 10:05:24.233084|INFO    |VirtualServerBase|1  |listening on 0.0.0.0:9987, [::]:9987
2021-07-27 16:11:48.645765|INFO    |PktHandler    |1  |Dropping client 3 because of ping timeout 19 0 0
2021-07-27 18:34:05.306981|INFO    |PktHandler    |1  |Dropping client 8 because of ping timeout 19 0 0
2021-07-27 18:43:40.118374|INFO    |PktHandler    |1  |Dropping client 7 because of ping timeout 19 0 0
2021-07-27 19:21:03.375123|INFO    |PktHandler    |1  |Dropping client 9 because of ping timeout 19 0 0
2021-07-28 10:57:37.913648|INFO    |PktHandler    |1  |Dropping client 1 because of ping timeout 19 0 0
2021-07-28 20:32:08.193962|INFO    |PktHandler    |1  |Dropping client 19 because of ping timeout 19 0 0
2021-07-28 20:32:08.195409|INFO    |PktHandler    |1  |Dropping client 11 because of ping timeout 19 0 0
2021-07-29 14:31:30.787496|INFO    |PktHandler    |1  |Dropping client 12 because of ping timeout 19 0 0
2021-07-30 16:40:47.725803|INFO    |PktHandler    |1  |Dropping client 32 because of ping timeout 19 0 0
2021-07-30 18:16:00.509740|INFO    |PktHandler    |1  |Dropping client 33 because of ping timeout 19 0 0
2021-07-31 22:23:06.963918|INFO    |PktHandler    |1  |Dropping client 27 because of ping timeout 19 0 0
2021-08-01 12:10:26.233039|INFO    |PktHandler    |1  |Dropping client 38 because of ping timeout 19 0 0
2021-08-01 16:11:15.172401|INFO    |PktHandler    |1  |Dropping client 42 because of ping timeout 19 0 0
2021-08-01 16:24:35.463167|INFO    |PktHandler    |1  |Dropping client 44 because of ping timeout 19 0 0
2021-08-01 17:32:11.781636|INFO    |PktHandler    |1  |Dropping client 45 because of ping timeout 19 0 0
2021-08-02 18:09:27.557519|INFO    |PktHandler    |1  |Dropping client 48 because of ping timeout 19 0 0
2021-08-03 16:33:59.517744|INFO    |PktHandler    |1  |Cleaning up connection because of 9 resends of COMMAND packet
2021-08-03 16:33:59.518704|INFO    |PktHandler    |1  |Dropping client 57 because of resend timeout
2021-08-03 16:34:37.179129|INFO    |PktHandler    |1  |Cleaning up connection because of 9 resends of COMMAND packet
2021-08-03 16:34:37.179470|INFO    |PktHandler    |1  |Dropping client 58 because of resend timeout
2021-08-03 16:52:13.704636|INFO    |PktHandler    |1  |Dropping client 55 because of ping timeout 19 0 0
2021-08-03 18:28:53.227856|INFO    |PktHandler    |1  |Dropping client 60 because of ping timeout 19 0 0
2021-08-03 18:29:54.823203|INFO    |PktHandler    |1  |Cleaning up connection because of 9 resends of COMMAND packet
2021-08-03 18:29:54.823747|INFO    |PktHandler    |1  |Dropping client 62 because of resend timeout
2021-08-04 15:57:25.647632|INFO    |PktHandler    |1  |Dropping client 37 because of ping timeout 19 0 0
2021-08-04 16:49:11.477099|INFO    |PktHandler    |1  |Dropping client 67 because of ping timeout 19 0 0
2021-08-04 18:44:44.930150|INFO    |PktHandler    |1  |Dropping client 70 because of ping timeout 19 0 0
2021-08-04 22:32:44.994864|INFO    |PktHandler    |1  |Dropping client 71 because of ping timeout 19 0 0
2021-08-05 15:53:43.980349|INFO    |PktHandler    |1  |Cleaning up connection because of 14 resends of COMMAND packet
2021-08-05 15:53:43.981156|INFO    |PktHandler    |1  |Dropping client 78 because of resend timeout
2021-08-05 16:56:08.773326|INFO    |PktHandler    |1  |Dropping client 82 because of ping timeout 19 0 0
2021-08-05 18:41:57.216753|INFO    |PktHandler    |1  |Dropping client 80 because of ping timeout 19 0 0
2021-08-06 06:59:22.094770|INFO    |VirtualServerBase|1  |stopped
