2021-08-06 18:27:13.295170|INFO    |VirtualServerBase|1  |listening on 0.0.0.0:9987, [::]:9987
2021-08-06 19:49:41.854629|INFO    |PktHandler    |1  |Dropping client 4 because of ping timeout 19 0 0
2021-08-06 19:54:31.310558|INFO    |PktHandler    |1  |Dropping client 7 because of ping timeout 19 0 0
2021-08-06 20:12:28.983564|INFO    |PktHandler    |1  |Dropping client 8 because of ping timeout 19 0 0
2021-08-08 11:16:49.583707|INFO    |PktHandler    |1  |Dropping client 18 because of ping timeout 19 0 0
2021-08-08 15:38:37.558913|INFO    |PktHandler    |1  |Dropping client 19 because of ping timeout 19 0 0
2021-08-08 16:00:43.601584|INFO    |PktHandler    |1  |Dropping client 23 because of ping timeout 19 0 0
2021-08-08 16:39:41.387172|INFO    |PktHandler    |1  |Dropping client 24 because of ping timeout 19 0 0
2021-08-09 13:57:39.745479|INFO    |PktHandler    |1  |Dropping client 27 because of ping timeout 19 0 0
2021-08-09 17:00:37.053075|INFO    |PktHandler    |1  |Dropping client 28 because of ping timeout 19 0 0
2021-08-10 14:21:55.797871|INFO    |PktHandler    |1  |Dropping client 34 because of ping timeout 19 0 0
2021-08-10 15:26:09.583108|INFO    |PktHandler    |1  |Dropping client 36 because of ping timeout 19 0 0
2021-08-10 16:00:25.910564|INFO    |PktHandler    |1  |Dropping client 37 because of ping timeout 19 0 0
2021-08-10 17:05:59.349226|INFO    |PktHandler    |1  |Dropping client 40 because of ping timeout 19 0 0
2021-08-10 18:10:23.675701|INFO    |PktHandler    |1  |Dropping client 41 because of ping timeout 19 0 0
2021-08-10 19:10:14.511464|INFO    |PktHandler    |1  |Dropping client 44 because of ping timeout 19 0 0
2021-08-11 14:16:50.628371|INFO    |PktHandler    |1  |Dropping client 50 because of ping timeout 19 0 0
2021-08-11 14:35:45.354534|INFO    |PktHandler    |1  |Dropping client 51 because of ping timeout 19 0 0
2021-08-11 15:00:12.607074|INFO    |PktHandler    |1  |Dropping client 52 because of ping timeout 19 0 0
2021-08-11 15:01:00.181751|INFO    |PktHandler    |1  |Cleaning up connection because of 9 resends of COMMAND packet
2021-08-11 15:01:00.186445|INFO    |PktHandler    |1  |Dropping client 53 because of resend timeout
2021-08-11 15:34:38.926181|INFO    |PktHandler    |1  |Dropping client 54 because of ping timeout 19 0 0
2021-08-11 18:01:49.421340|INFO    |PktHandler    |1  |Dropping client 57 because of ping timeout 19 0 0
2021-08-12 11:10:47.089995|INFO    |VirtualServer |1  |client 'Dzsoni1'(id:29) was added to servergroup 'Server Admin'(id:6) by client 'Dzsoni'(id:15)
2021-08-12 11:10:57.089331|INFO    |VirtualServer |1  |client 'Dzsoni1'(id:29) was added to channelgroup 'Channel Admin'(id:5) by client 'Dzsoni'(id:15) in channel 'Welcome'(id:1)
2021-08-12 14:06:48.137062|INFO    |PktHandler    |1  |Cleaning up connection because of 14 resends of COMMAND packet
2021-08-12 14:06:48.137997|INFO    |PktHandler    |1  |Dropping client 62 because of resend timeout
2021-08-12 16:07:53.360663|INFO    |PktHandler    |1  |Dropping client 1 because of ping timeout 19 0 0
2021-08-12 16:46:56.881209|INFO    |PktHandler    |1  |Dropping client 64 because of ping timeout 19 0 0
2021-08-12 17:28:46.697530|INFO    |PktHandler    |1  |Dropping client 63 because of ping timeout 19 0 0
2021-08-12 17:41:45.899531|INFO    |PktHandler    |1  |Dropping client 71 because of ping timeout 19 0 0
2021-08-13 10:33:02.291569|INFO    |PktHandler    |1  |Dropping client 69 because of ping timeout 19 0 0
2021-08-13 16:31:48.827976|INFO    |PktHandler    |1  |Dropping client 78 because of ping timeout 19 0 0
2021-08-13 18:05:10.446645|INFO    |PktHandler    |1  |Dropping client 77 because of ping timeout 19 0 0
2021-08-13 19:39:28.537760|INFO    |PktHandler    |1  |Dropping client 83 because of ping timeout 19 0 0
2021-08-13 20:10:47.564550|INFO    |PktHandler    |1  |Dropping client 84 because of ping timeout 19 0 0
2021-08-13 21:41:14.777203|INFO    |PktHandler    |1  |Dropping client 85 because of ping timeout 19 0 0
2021-08-14 10:47:00.619676|INFO    |PktHandler    |1  |Dropping client 75 because of ping timeout 19 0 0
2021-08-14 14:04:00.183651|INFO    |PktHandler    |1  |Dropping client 88 because of ping timeout 19 0 0
2021-08-14 17:17:48.417751|INFO    |PktHandler    |1  |Dropping client 93 because of ping timeout 19 0 0
2021-08-15 08:10:13.232021|INFO    |PktHandler    |1  |Dropping client 102 because of ping timeout 19 0 0
2021-08-15 10:01:27.079219|INFO    |PktHandler    |1  |Dropping client 105 because of ping timeout 19 0 0
2021-08-15 12:49:01.552611|INFO    |PktHandler    |1  |Dropping client 92 because of ping timeout 19 0 0
2021-08-15 12:49:01.553608|INFO    |PktHandler    |1  |Dropping client 103 because of ping timeout 19 0 0
2021-08-15 16:14:48.426052|INFO    |PktHandler    |1  |Dropping client 106 because of ping timeout 19 0 0
2021-08-15 16:37:34.639762|INFO    |PktHandler    |1  |Dropping client 110 because of ping timeout 19 0 0
2021-08-15 17:50:58.906662|INFO    |PktHandler    |1  |Dropping client 111 because of ping timeout 19 0 0
2021-08-15 20:16:23.715993|INFO    |PktHandler    |1  |Dropping client 107 because of ping timeout 19 0 0
2021-08-15 21:09:49.675707|INFO    |PktHandler    |1  |Dropping client 109 because of ping timeout 19 0 0
2021-08-16 14:32:21.748208|INFO    |PktHandler    |1  |Dropping client 115 because of ping timeout 19 0 0
2021-08-16 15:58:05.707663|INFO    |PktHandler    |1  |Dropping client 116 because of ping timeout 19 0 0
2021-08-16 16:28:38.451542|INFO    |PktHandler    |1  |Dropping client 118 because of ping timeout 19 0 0
2021-08-16 16:41:52.667693|INFO    |PktHandler    |1  |Dropping client 119 because of ping timeout 19 0 0
2021-08-16 16:48:13.279434|INFO    |PktHandler    |1  |Dropping client 121 because of ping timeout 19 0 0
2021-08-16 16:58:08.210207|INFO    |PktHandler    |1  |Dropping client 122 because of ping timeout 19 0 0
2021-08-16 17:03:35.717716|INFO    |PktHandler    |1  |Dropping client 123 because of ping timeout 19 0 0
2021-08-16 17:25:53.828418|INFO    |PktHandler    |1  |Dropping client 124 because of ping timeout 19 0 0
2021-08-17 16:54:27.431802|INFO    |PktHandler    |1  |Dropping client 130 because of ping timeout 19 0 0
2021-08-17 18:32:49.779971|INFO    |PktHandler    |1  |Dropping client 132 because of ping timeout 19 0 0
2021-08-17 18:54:10.875790|INFO    |PktHandler    |1  |Dropping client 133 because of ping timeout 19 0 0
2021-08-17 19:25:48.970113|INFO    |PktHandler    |1  |Dropping client 135 because of ping timeout 19 0 0
2021-08-21 17:08:01.337510|INFO    |PktHandler    |1  |Dropping client 148 because of ping timeout 19 0 0
2021-08-22 22:29:44.206796|INFO    |PktHandler    |1  |Dropping client 153 because of ping timeout 19 0 0
2021-08-28 09:37:28.237672|INFO    |PktHandler    |1  |Dropping client 184 because of ping timeout 19 0 0
2021-08-28 09:37:28.238939|INFO    |PktHandler    |1  |Dropping client 185 because of ping timeout 19 0 0
2021-08-28 09:59:41.301589|INFO    |PktHandler    |1  |Dropping client 187 because of ping timeout 19 0 0
2021-08-28 10:31:21.295314|INFO    |PktHandler    |1  |Dropping client 188 because of ping timeout 19 0 0
2021-08-28 12:17:54.421890|INFO    |PktHandler    |1  |Dropping client 190 because of ping timeout 19 0 0
2021-08-28 12:26:36.261568|INFO    |PktHandler    |1  |Dropping client 191 because of ping timeout 19 0 0
2021-08-28 13:30:33.247657|INFO    |PktHandler    |1  |Dropping client 192 because of ping timeout 19 0 0
2021-08-28 14:10:10.046005|INFO    |PktHandler    |1  |Dropping client 193 because of ping timeout 19 0 0
2021-08-28 14:26:44.652297|INFO    |PktHandler    |1  |Dropping client 194 because of ping timeout 19 0 0
2021-08-28 16:28:26.511941|INFO    |PktHandler    |1  |Dropping client 196 because of ping timeout 19 0 0
2021-08-28 16:46:18.296677|INFO    |PktHandler    |1  |Dropping client 198 because of ping timeout 19 0 0
2021-08-28 18:41:14.726629|INFO    |PktHandler    |1  |Dropping client 199 because of ping timeout 19 0 0
2021-08-28 18:55:58.142491|INFO    |PktHandler    |1  |Dropping client 201 because of ping timeout 19 0 0
2021-08-28 19:33:44.764407|INFO    |PktHandler    |1  |Dropping client 202 because of ping timeout 19 0 0
2021-08-29 15:32:36.133769|INFO    |PktHandler    |1  |Dropping client 208 because of ping timeout 19 0 0
2021-08-29 16:44:59.951590|INFO    |PktHandler    |1  |Dropping client 206 because of ping timeout 19 0 0
2021-08-29 16:57:22.133376|INFO    |PktHandler    |1  |Dropping client 209 because of ping timeout 19 0 0
2021-08-29 17:11:55.518868|INFO    |PktHandler    |1  |Dropping client 210 because of ping timeout 19 0 0
2021-08-29 20:30:20.458489|INFO    |PktHandler    |1  |Dropping client 211 because of ping timeout 19 0 0
2021-08-30 16:18:20.220036|INFO    |PktHandler    |1  |Dropping client 214 because of ping timeout 19 0 0
2021-08-30 18:07:39.243673|INFO    |PktHandler    |1  |Dropping client 217 because of ping timeout 19 0 0
2021-08-31 16:25:57.999673|INFO    |PktHandler    |1  |Dropping client 223 because of ping timeout 19 0 0
2021-09-01 12:21:16.701452|INFO    |PktHandler    |1  |Dropping client 159 because of ping timeout 19 0 0
2021-09-01 22:07:50.408803|INFO    |PktHandler    |1  |Dropping client 228 because of ping timeout 19 0 0
2021-09-02 18:21:24.485088|INFO    |PktHandler    |1  |Dropping client 237 because of ping timeout 19 0 0
2021-09-03 14:14:13.208351|INFO    |PktHandler    |1  |Dropping client 229 because of ping timeout 19 0 0
2021-09-03 18:14:25.404405|INFO    |PktHandler    |1  |Dropping client 245 because of ping timeout 19 0 0
2021-09-03 18:49:15.505673|INFO    |PktHandler    |1  |Dropping client 246 because of ping timeout 19 0 0
2021-09-03 19:29:38.299533|INFO    |PktHandler    |1  |Dropping client 248 because of ping timeout 19 0 0
2021-09-03 19:34:24.790999|INFO    |PktHandler    |1  |Dropping client 249 because of ping timeout 19 0 0
2021-09-03 20:00:26.353492|INFO    |PktHandler    |1  |Dropping client 251 because of ping timeout 19 0 0
2021-09-04 08:27:17.649728|INFO    |PktHandler    |1  |Dropping client 254 because of ping timeout 19 0 0
2021-09-04 09:58:55.734203|INFO    |PktHandler    |1  |Dropping client 255 because of ping timeout 19 0 0
2021-09-04 10:56:21.330939|INFO    |PktHandler    |1  |Dropping client 257 because of ping timeout 19 0 0
2021-09-04 13:37:54.360192|INFO    |PktHandler    |1  |Dropping client 258 because of ping timeout 19 0 0
2021-09-04 13:45:47.128631|INFO    |PktHandler    |1  |Dropping client 260 because of ping timeout 19 0 0
2021-09-04 16:41:08.882492|INFO    |PktHandler    |1  |Dropping client 261 because of ping timeout 19 0 0
2021-09-04 17:23:26.182127|INFO    |PktHandler    |1  |Dropping client 262 because of ping timeout 19 0 0
2021-09-05 07:15:50.422338|INFO    |PktHandler    |1  |Dropping client 264 because of ping timeout 19 0 0
2021-09-05 09:32:52.899092|INFO    |PktHandler    |1  |Dropping client 266 because of ping timeout 19 0 0
2021-09-05 10:14:55.972645|INFO    |PktHandler    |1  |Dropping client 269 because of ping timeout 19 0 0
2021-09-05 11:32:38.764962|INFO    |PktHandler    |1  |Dropping client 270 because of ping timeout 19 0 0
2021-09-05 11:41:24.639669|INFO    |PktHandler    |1  |Dropping client 272 because of ping timeout 19 0 0
2021-09-05 12:01:47.633766|INFO    |PktHandler    |1  |Dropping client 273 because of ping timeout 19 0 0
2021-09-05 12:14:49.890600|INFO    |PktHandler    |1  |Dropping client 274 because of ping timeout 19 0 0
2021-09-05 12:19:28.350695|INFO    |PktHandler    |1  |Dropping client 275 because of ping timeout 19 0 0
2021-09-05 12:24:28.815767|INFO    |PktHandler    |1  |Dropping client 276 because of ping timeout 19 0 0
2021-09-05 12:56:36.017022|INFO    |PktHandler    |1  |Dropping client 278 because of ping timeout 19 0 0
2021-09-05 14:13:27.722517|INFO    |PktHandler    |1  |Dropping client 279 because of ping timeout 19 0 0
2021-09-05 14:21:32.542323|INFO    |PktHandler    |1  |Dropping client 280 because of ping timeout 19 0 0
2021-09-05 18:39:43.511514|INFO    |PktHandler    |1  |Dropping client 281 because of ping timeout 19 0 0
2021-09-06 14:20:00.065576|INFO    |PktHandler    |1  |Dropping client 242 because of ping timeout 19 0 0
2021-09-06 17:28:51.067867|INFO    |PktHandler    |1  |Dropping client 289 because of ping timeout 19 0 0
2021-09-08 15:49:13.941599|INFO    |PktHandler    |1  |Dropping client 296 because of ping timeout 19 0 0
2021-09-08 15:49:13.943520|INFO    |PktHandler    |1  |Dropping client 298 because of ping timeout 19 0 0
2021-09-08 15:54:00.462939|INFO    |PktHandler    |1  |Dropping client 301 because of ping timeout 19 0 0
2021-09-08 15:54:00.463220|INFO    |PktHandler    |1  |Dropping client 300 because of ping timeout 19 0 0
2021-09-08 16:10:35.270472|INFO    |PktHandler    |1  |Dropping client 303 because of ping timeout 19 0 0
2021-09-08 16:10:36.274520|INFO    |PktHandler    |1  |Dropping client 302 because of ping timeout 19 0 0
2021-09-08 16:12:44.500477|INFO    |PktHandler    |1  |Dropping client 304 because of ping timeout 19 0 0
2021-09-08 16:12:48.508278|INFO    |PktHandler    |1  |Dropping client 305 because of ping timeout 19 0 0
2021-09-08 16:20:02.279172|INFO    |PktHandler    |1  |Dropping client 307 because of ping timeout 19 0 0
2021-09-08 16:20:02.280073|INFO    |PktHandler    |1  |Dropping client 306 because of ping timeout 19 0 0
2021-09-08 17:08:57.469832|INFO    |PktHandler    |1  |Dropping client 309 because of ping timeout 19 0 0
2021-09-08 18:41:01.247951|INFO    |PktHandler    |1  |Dropping client 312 because of ping timeout 19 0 0
2021-09-09 04:06:38.098702|INFO    |PktHandler    |1  |Dropping client 285 because of ping timeout 19 0 0
2021-09-09 11:02:40.628203|INFO    |PktHandler    |1  |Dropping client 316 because of ping timeout 19 0 0
2021-09-09 16:26:49.320957|INFO    |PktHandler    |1  |Dropping client 322 because of ping timeout 19 0 0
2021-09-09 17:39:40.261791|INFO    |PktHandler    |1  |Dropping client 325 because of ping timeout 19 0 0
2021-09-10 15:01:31.489567|INFO    |PktHandler    |1  |Dropping client 318 because of ping timeout 19 0 0
2021-09-10 18:58:07.465766|INFO    |PktHandler    |1  |Dropping client 332 because of ping timeout 19 0 0
2021-09-10 19:26:31.528321|INFO    |PktHandler    |1  |Dropping client 334 because of ping timeout 19 0 0
2021-09-11 08:17:08.391805|INFO    |PktHandler    |1  |Dropping client 336 because of ping timeout 19 0 0
2021-09-11 08:26:37.307519|INFO    |PktHandler    |1  |Dropping client 337 because of ping timeout 19 0 0
2021-09-11 09:24:00.937740|INFO    |PktHandler    |1  |Dropping client 338 because of ping timeout 19 0 0
2021-09-11 10:08:37.373695|INFO    |PktHandler    |1  |Dropping client 340 because of ping timeout 19 0 0
2021-09-11 14:48:55.651215|INFO    |PktHandler    |1  |Dropping client 341 because of ping timeout 19 0 0
2021-09-11 15:28:50.599648|INFO    |PktHandler    |1  |Dropping client 342 because of ping timeout 19 0 0
2021-09-11 18:23:44.171269|INFO    |PktHandler    |1  |Dropping client 343 because of ping timeout 19 0 0
2021-09-11 18:32:38.072321|INFO    |PktHandler    |1  |Dropping client 345 because of ping timeout 19 0 0
2021-09-11 18:42:04.033429|INFO    |PktHandler    |1  |Dropping client 346 because of ping timeout 19 0 0
2021-09-11 19:16:23.423320|INFO    |PktHandler    |1  |Dropping client 347 because of ping timeout 19 0 0
2021-09-11 21:25:51.347793|INFO    |PktHandler    |1  |Dropping client 348 because of ping timeout 19 0 0
2021-09-11 21:42:05.007489|INFO    |PktHandler    |1  |Dropping client 349 because of ping timeout 19 0 0
2021-09-12 14:28:47.568478|INFO    |PktHandler    |1  |Dropping client 351 because of ping timeout 19 0 0
2021-09-12 14:50:01.786275|INFO    |PktHandler    |1  |Dropping client 354 because of ping timeout 19 0 0
2021-09-12 16:00:15.109729|INFO    |PktHandler    |1  |Dropping client 355 because of ping timeout 19 0 0
2021-09-12 16:43:47.684780|INFO    |PktHandler    |1  |Dropping client 358 because of ping timeout 19 0 0
2021-09-12 16:57:43.163990|INFO    |PktHandler    |1  |Dropping client 359 because of ping timeout 19 0 0
2021-09-12 19:30:13.252856|INFO    |PktHandler    |1  |Dropping client 361 because of ping timeout 19 0 0
2021-09-13 11:11:00.462971|INFO    |PktHandler    |1  |Dropping client 362 because of ping timeout 19 0 0
2021-09-13 18:48:01.561912|INFO    |PktHandler    |1  |Dropping client 330 because of ping timeout 19 0 0
2021-09-13 19:14:55.447771|INFO    |PktHandler    |1  |Dropping client 366 because of ping timeout 19 0 0
2021-09-13 19:15:24.500302|INFO    |PktHandler    |1  |Dropping client 369 because of ping timeout 19 0 0
2021-09-13 20:37:53.039035|INFO    |PktHandler    |1  |Dropping client 372 because of ping timeout 19 0 0
2021-09-13 21:05:39.961921|INFO    |PktHandler    |1  |Dropping client 371 because of ping timeout 19 0 0
2021-09-14 12:58:00.707722|INFO    |PktHandler    |1  |Dropping client 374 because of ping timeout 19 0 0
2021-09-14 13:07:31.671849|INFO    |PktHandler    |1  |Dropping client 376 because of ping timeout 19 0 0
2021-09-15 00:42:09.487974|INFO    |PktHandler    |1  |Dropping client 382 because of ping timeout 19 0 0
2021-09-15 12:24:12.707141|INFO    |PktHandler    |1  |Dropping client 384 because of ping timeout 19 0 0
2021-09-16 14:07:08.347657|INFO    |PktHandler    |1  |Dropping client 370 because of ping timeout 19 0 0
2021-09-18 23:18:07.783143|INFO    |PktHandler    |1  |Dropping client 403 because of ping timeout 19 0 0
2021-09-19 06:51:41.824918|INFO    |PktHandler    |1  |Dropping client 409 because of ping timeout 19 0 0
2021-09-22 18:33:55.461641|INFO    |PktHandler    |1  |Dropping client 393 because of ping timeout 19 0 0
2021-09-22 21:43:30.627244|INFO    |PktHandler    |1  |Dropping client 431 because of ping timeout 19 0 0
2021-09-22 23:55:12.672832|INFO    |PktHandler    |1  |Dropping client 432 because of ping timeout 19 0 0
2021-09-23 09:27:56.914481|INFO    |PktHandler    |1  |Dropping client 433 because of ping timeout 19 0 0
2021-09-23 14:33:04.920221|INFO    |PktHandler    |1  |Dropping client 436 because of ping timeout 19 0 0
2021-09-23 14:43:36.975476|INFO    |PktHandler    |1  |Dropping client 439 because of ping timeout 19 0 0
2021-09-23 15:14:02.974474|INFO    |PktHandler    |1  |Dropping client 440 because of ping timeout 19 0 0
2021-09-23 15:54:57.157175|INFO    |PktHandler    |1  |Dropping client 443 because of ping timeout 19 0 0
2021-09-24 02:51:53.929961|INFO    |PktHandler    |1  |Dropping client 449 because of ping timeout 19 0 0
2021-09-24 20:04:01.834809|INFO    |PktHandler    |1  |Dropping client 454 because of ping timeout 19 0 0
2021-09-26 22:09:36.606554|INFO    |PktHandler    |1  |Dropping client 467 because of ping timeout 19 0 0
2021-09-27 19:37:53.510634|INFO    |PktHandler    |1  |Dropping client 474 because of ping timeout 19 0 0
2021-10-01 17:55:33.249118|INFO    |PktHandler    |1  |Dropping client 489 because of ping timeout 19 0 0
2021-10-05 22:24:05.547400|INFO    |PktHandler    |1  |Dropping client 509 because of ping timeout 19 0 0
2021-10-06 06:14:24.837135|INFO    |VirtualServerBase|1  |stopped
