2021-03-29 20:10:43.099209|INFO    |VirtualServerBase|1  |listening on 0.0.0.0:9987, [::]:9987
2021-03-29 22:21:10.356910|INFO    |PktHandler    |1  |Dropping client 2 because of ping timeout 19 0 0
2021-03-30 10:12:28.461306|INFO    |PktHandler    |1  |Dropping client 10 because of ping timeout 19 0 0
2021-03-30 10:20:33.210931|INFO    |PktHandler    |1  |Dropping client 11 because of ping timeout 19 0 0
2021-04-01 12:24:56.452876|INFO    |PktHandler    |1  |Dropping client 27 because of ping timeout 19 0 0
2021-04-01 22:29:50.615305|INFO    |PktHandler    |1  |Dropping client 34 because of ping timeout 19 0 0
2021-04-02 04:15:16.519803|INFO    |PktHandler    |1  |Dropping client 29 because of ping timeout 19 0 0
2021-04-02 09:56:58.125476|INFO    |PktHandler    |1  |Dropping client 12 because of ping timeout 19 0 0
2021-04-04 18:00:30.967321|INFO    |PktHandler    |1  |Dropping client 52 because of ping timeout 19 0 0
2021-04-04 18:22:18.923519|INFO    |PktHandler    |1  |Dropping client 55 because of ping timeout 19 0 0
2021-04-05 10:38:55.278428|INFO    |PktHandler    |1  |Dropping client 59 because of ping timeout 19 0 0
2021-04-05 16:12:12.871372|INFO    |PktHandler    |1  |Cleaning up connection because of 14 resends of COMMAND packet
2021-04-05 16:12:12.872119|INFO    |PktHandler    |1  |Dropping client 62 because of resend timeout
2021-04-06 01:37:40.015400|INFO    |PktHandler    |1  |Dropping client 43 because of ping timeout 19 0 0
2021-04-08 01:16:43.497873|INFO    |PktHandler    |1  |Dropping client 66 because of ping timeout 19 0 0
2021-04-08 16:25:54.582826|INFO    |PktHandler    |1  |Dropping client 79 because of ping timeout 19 0 0
2021-04-08 16:38:23.079918|INFO    |VirtualServer |1  |permission 'b_client_is_priority_speaker'(id:180) with values (value:1) was added by 'sugo'(id:3) for client (id:17) and channel 'Gloomhaven'(id:8)
2021-04-08 16:38:34.334646|INFO    |VirtualServer |1  |permission 'b_client_is_priority_speaker'(id:180) was deleted by 'sugo'(id:3) for client (id:17) and channel 'Gloomhaven'(id:8)
2021-04-08 16:38:37.770364|INFO    |VirtualServer |1  |permission 'b_client_is_priority_speaker'(id:180) with values (value:1) was added by 'sugo'(id:3) for client (id:17) and channel 'Gloomhaven'(id:8)
2021-04-08 16:38:39.939450|INFO    |VirtualServer |1  |permission 'b_client_is_priority_speaker'(id:180) was deleted by 'sugo'(id:3) for client (id:17) and channel 'Gloomhaven'(id:8)
2021-04-08 19:01:16.734141|INFO    |PktHandler    |1  |Dropping client 82 because of ping timeout 19 0 0
2021-04-10 16:17:44.239097|INFO    |PktHandler    |1  |Dropping client 74 because of ping timeout 19 0 0
2021-04-10 18:37:15.922365|INFO    |PktHandler    |1  |Dropping client 97 because of ping timeout 19 0 0
2021-04-11 09:35:02.759795|INFO    |PktHandler    |1  |Cleaning up connection because of 5 resends of COMMAND packet
2021-04-11 09:35:02.761903|INFO    |PktHandler    |1  |Dropping client 102 because of resend timeout
2021-04-11 15:29:28.395476|INFO    |PktHandler    |1  |Dropping client 106 because of ping timeout 19 0 0
2021-04-12 00:03:58.810180|INFO    |PktHandler    |1  |Dropping client 98 because of ping timeout 19 0 0
2021-04-12 11:24:29.601859|INFO    |PktHandler    |1  |Dropping client 110 because of ping timeout 19 0 0
2021-04-12 12:12:39.596293|INFO    |PktHandler    |1  |Dropping client 111 because of ping timeout 19 0 0
2021-04-12 21:06:09.436031|INFO    |PktHandler    |1  |Dropping client 114 because of ping timeout 19 0 0
2021-04-12 21:07:08.523662|INFO    |PktHandler    |1  |Dropping client 118 because of ping timeout 19 0 0
2021-04-12 21:09:44.747280|INFO    |PktHandler    |1  |Dropping client 119 because of ping timeout 19 0 0
2021-04-15 21:50:43.369094|INFO    |PktHandler    |1  |Dropping client 134 because of ping timeout 19 0 0
2021-04-16 15:39:26.735477|INFO    |PktHandler    |1  |Dropping client 139 because of ping timeout 19 0 0
2021-04-16 15:39:26.736337|INFO    |PktHandler    |1  |Dropping client 136 because of ping timeout 19 0 0
2021-04-17 03:43:22.319676|INFO    |PktHandler    |1  |Dropping client 120 because of ping timeout 19 0 0
2021-04-17 21:02:11.332118|INFO    |PktHandler    |1  |Dropping client 145 because of ping timeout 19 0 0
2021-04-19 18:03:38.253725|INFO    |PktHandler    |1  |Dropping client 146 because of ping timeout 19 0 0
2021-04-19 21:03:49.060322|INFO    |PktHandler    |1  |Dropping client 155 because of ping timeout 19 0 0
2021-04-20 13:35:48.989511|INFO    |PktHandler    |1  |Dropping client 157 because of ping timeout 19 0 0
2021-04-20 15:40:58.742029|INFO    |PktHandler    |1  |Dropping client 161 because of ping timeout 19 0 0
2021-04-20 15:59:59.489434|INFO    |PktHandler    |1  |Dropping client 160 because of ping timeout 19 0 0
2021-04-22 14:24:36.973480|INFO    |PktHandler    |1  |Dropping client 173 because of ping timeout 19 0 0
2021-04-22 14:34:15.831212|INFO    |PktHandler    |1  |Dropping client 176 because of ping timeout 19 0 0
2021-04-22 14:36:01.993645|INFO    |PktHandler    |1  |Dropping client 177 because of ping timeout 19 0 0
2021-04-22 14:50:16.307274|INFO    |PktHandler    |1  |Dropping client 178 because of ping timeout 19 0 0
2021-04-24 10:53:51.121909|INFO    |PktHandler    |1  |Dropping client 189 because of ping timeout 19 0 0
2021-04-26 09:54:00.216019|INFO    |PktHandler    |1  |Dropping client 200 because of ping timeout 19 0 0
2021-04-26 21:29:27.607503|INFO    |PktHandler    |1  |Dropping client 203 because of ping timeout 19 0 0
2021-04-26 22:23:56.923614|INFO    |PktHandler    |1  |Dropping client 207 because of ping timeout 19 0 0
2021-04-27 02:27:11.586817|INFO    |PktHandler    |1  |Dropping client 208 because of ping timeout 19 0 0
2021-04-27 13:28:16.023667|INFO    |PktHandler    |1  |Dropping client 209 because of ping timeout 19 0 0
2021-04-28 17:47:29.340069|INFO    |PktHandler    |1  |Dropping client 216 because of ping timeout 19 0 0
2021-04-29 17:51:23.092683|INFO    |PktHandler    |1  |Dropping client 223 because of ping timeout 19 0 0
2021-04-29 18:14:48.256317|INFO    |PktHandler    |1  |Dropping client 224 because of ping timeout 19 0 0
2021-05-02 22:15:44.200474|INFO    |PktHandler    |1  |Dropping client 244 because of ping timeout 19 0 0
2021-05-08 09:08:09.726439|INFO    |PktHandler    |1  |Dropping client 277 because of ping timeout 19 0 0
2021-05-08 21:44:54.313218|INFO    |PktHandler    |1  |Dropping client 280 because of ping timeout 19 0 0
2021-05-08 22:33:21.935461|INFO    |PktHandler    |1  |Dropping client 283 because of ping timeout 19 0 0
2021-05-11 02:39:45.689350|INFO    |PktHandler    |1  |Dropping client 285 because of ping timeout 19 0 0
2021-05-11 13:41:26.147482|INFO    |PktHandler    |1  |Dropping client 296 because of ping timeout 19 0 0
2021-05-12 00:35:45.588370|INFO    |PktHandler    |1  |Dropping client 298 because of ping timeout 19 0 0
2021-05-13 13:54:50.828093|INFO    |PktHandler    |1  |Dropping client 308 because of ping timeout 19 0 0
2021-05-13 13:56:40.015660|INFO    |PktHandler    |1  |Dropping client 311 because of ping timeout 19 0 0
2021-05-13 13:57:36.108992|INFO    |PktHandler    |1  |Dropping client 312 because of ping timeout 19 0 0
2021-05-13 14:00:14.365043|INFO    |PktHandler    |1  |Dropping client 313 because of ping timeout 19 0 0
2021-05-13 14:08:29.111057|INFO    |PktHandler    |1  |Dropping client 314 because of ping timeout 19 0 0
2021-05-13 14:14:05.626805|INFO    |PktHandler    |1  |Dropping client 315 because of ping timeout 19 0 0
2021-05-13 23:27:58.990978|INFO    |PktHandler    |1  |Dropping client 319 because of ping timeout 19 0 0
2021-05-14 15:20:39.933063|INFO    |PktHandler    |1  |Dropping client 325 because of ping timeout 19 0 0
2021-05-14 16:19:40.661983|INFO    |PktHandler    |1  |Dropping client 324 because of ping timeout 19 0 0
2021-05-14 17:55:09.192536|INFO    |PktHandler    |1  |Dropping client 333 because of ping timeout 19 0 0
2021-05-14 19:33:09.188499|INFO    |PktHandler    |1  |Dropping client 330 because of ping timeout 19 0 0
2021-05-14 19:59:42.883972|INFO    |PktHandler    |1  |Dropping client 335 because of ping timeout 19 0 0
2021-05-14 20:20:33.909682|INFO    |PktHandler    |1  |Dropping client 336 because of ping timeout 19 0 0
2021-05-14 23:35:41.345137|INFO    |PktHandler    |1  |Dropping client 302 because of ping timeout 19 0 0
2021-05-16 08:41:04.721398|INFO    |PktHandler    |1  |Dropping client 345 because of ping timeout 19 0 0
2021-05-16 12:51:23.816610|INFO    |PktHandler    |1  |Dropping client 346 because of ping timeout 19 0 0
2021-05-16 13:09:05.570167|INFO    |PktHandler    |1  |Dropping client 343 because of ping timeout 19 0 0
2021-05-17 06:18:23.808698|INFO    |PktHandler    |1  |Dropping client 352 because of ping timeout 19 0 0
2021-05-17 17:23:18.821302|INFO    |PktHandler    |1  |Dropping client 355 because of ping timeout 19 0 0
2021-05-18 13:49:01.474116|INFO    |PktHandler    |1  |Dropping client 362 because of ping timeout 19 0 0
2021-05-19 01:43:15.571236|INFO    |PktHandler    |1  |Dropping client 357 because of ping timeout 19 0 0
2021-05-19 08:20:58.908155|INFO    |PktHandler    |1  |Dropping client 367 because of ping timeout 19 0 0
2021-05-19 08:43:08.897294|INFO    |PktHandler    |1  |Dropping client 368 because of ping timeout 19 0 0
2021-05-19 08:50:49.593268|INFO    |PktHandler    |1  |Dropping client 369 because of ping timeout 19 0 0
2021-05-19 13:39:27.803622|INFO    |PktHandler    |1  |Dropping client 372 because of ping timeout 19 0 0
2021-05-19 17:37:31.735778|INFO    |PktHandler    |1  |Dropping client 373 because of ping timeout 19 0 0
2021-05-20 16:07:57.650494|INFO    |PktHandler    |1  |Dropping client 378 because of ping timeout 19 0 0
2021-05-20 17:09:58.137123|INFO    |PktHandler    |1  |Dropping client 383 because of ping timeout 19 0 0
2021-05-20 17:47:58.549402|INFO    |PktHandler    |1  |Dropping client 385 because of ping timeout 19 0 0
2021-05-20 20:05:14.258253|INFO    |PktHandler    |1  |Dropping client 386 because of ping timeout 19 0 0
2021-05-21 18:06:31.311632|INFO    |PktHandler    |1  |Dropping client 390 because of ping timeout 19 0 0
2021-05-21 20:18:09.642271|INFO    |PktHandler    |1  |Dropping client 395 because of ping timeout 19 0 0
2021-05-24 15:55:10.907323|INFO    |PktHandler    |1  |Dropping client 418 because of ping timeout 19 0 0
2021-05-24 15:56:09.005357|INFO    |PktHandler    |1  |Dropping client 415 because of ping timeout 19 0 0
2021-05-24 17:52:56.247477|INFO    |PktHandler    |1  |Dropping client 417 because of ping timeout 19 0 0
2021-05-24 18:00:54.947620|INFO    |PktHandler    |1  |Dropping client 421 because of ping timeout 19 0 0
2021-05-25 00:06:32.662405|INFO    |PktHandler    |1  |Dropping client 414 because of ping timeout 19 0 0
2021-05-25 00:06:32.662633|INFO    |PktHandler    |1  |Dropping client 371 because of ping timeout 19 0 0
2021-05-25 00:06:32.662722|INFO    |PktHandler    |1  |Dropping client 366 because of ping timeout 19 0 0
2021-05-25 11:59:26.400472|INFO    |PktHandler    |1  |Dropping client 426 because of ping timeout 19 0 0
2021-05-25 16:23:13.020896|INFO    |PktHandler    |1  |Dropping client 427 because of ping timeout 19 0 0
2021-05-26 16:28:56.969968|INFO    |PktHandler    |1  |Dropping client 432 because of ping timeout 19 0 0
2021-05-26 16:51:36.629332|INFO    |PktHandler    |1  |Cleaning up connection because of 9 resends of COMMAND packet
2021-05-26 16:51:36.630261|INFO    |PktHandler    |1  |Dropping client 440 because of resend timeout
2021-05-26 20:21:14.582947|INFO    |PktHandler    |1  |Dropping client 439 because of ping timeout 19 0 0
2021-05-27 17:17:21.472634|INFO    |PktHandler    |1  |Dropping client 445 because of ping timeout 19 0 0
2021-05-27 18:04:31.108640|INFO    |PktHandler    |1  |Dropping client 451 because of ping timeout 19 0 0
2021-05-27 19:29:27.193394|INFO    |PktHandler    |1  |Dropping client 453 because of ping timeout 19 0 0
2021-05-27 20:12:15.402252|INFO    |PktHandler    |1  |Dropping client 454 because of ping timeout 19 0 0
2021-05-28 15:00:14.779656|INFO    |PktHandler    |1  |Dropping client 457 because of ping timeout 19 0 0
2021-05-28 16:20:06.728641|INFO    |PktHandler    |1  |Dropping client 461 because of ping timeout 19 0 0
2021-05-28 17:31:20.656327|INFO    |PktHandler    |1  |Dropping client 463 because of ping timeout 19 0 0
2021-05-28 21:26:37.715411|INFO    |PktHandler    |1  |Dropping client 464 because of ping timeout 19 0 0
2021-05-29 21:05:28.711705|INFO    |PktHandler    |1  |Dropping client 472 because of ping timeout 19 0 0
2021-05-31 11:02:52.116652|INFO    |PktHandler    |1  |Dropping client 423 because of ping timeout 19 0 0
2021-05-31 15:55:50.128886|INFO    |PktHandler    |1  |Dropping client 484 because of ping timeout 19 0 0
2021-05-31 16:43:18.711128|INFO    |PktHandler    |1  |Dropping client 489 because of ping timeout 19 0 0
2021-05-31 17:04:59.754891|INFO    |PktHandler    |1  |Dropping client 490 because of ping timeout 19 0 0
2021-05-31 18:05:05.428366|INFO    |PktHandler    |1  |Dropping client 491 because of ping timeout 19 0 0
2021-05-31 18:05:05.430143|INFO    |PktHandler    |1  |Dropping client 488 because of ping timeout 19 0 0
2021-05-31 20:57:56.917310|INFO    |PktHandler    |1  |Dropping client 494 because of ping timeout 19 0 0
2021-05-31 21:01:33.272823|INFO    |PktHandler    |1  |Dropping client 496 because of ping timeout 19 0 0
2021-05-31 21:16:11.645413|INFO    |PktHandler    |1  |Dropping client 497 because of ping timeout 19 0 0
2021-05-31 21:39:23.812721|INFO    |PktHandler    |1  |Dropping client 495 because of ping timeout 19 0 0
2021-05-31 21:47:11.529358|INFO    |PktHandler    |1  |Dropping client 498 because of ping timeout 19 0 0
2021-05-31 21:49:57.778414|INFO    |PktHandler    |1  |Dropping client 500 because of ping timeout 19 0 0
2021-05-31 21:56:47.449952|INFO    |PktHandler    |1  |Dropping client 501 because of ping timeout 19 0 0
2021-05-31 21:57:41.537603|INFO    |PktHandler    |1  |Dropping client 499 because of ping timeout 19 0 0
2021-05-31 22:03:17.082314|INFO    |PktHandler    |1  |Dropping client 502 because of ping timeout 19 0 0
2021-05-31 22:04:38.218209|INFO    |PktHandler    |1  |Dropping client 504 because of ping timeout 19 0 0
2021-05-31 22:06:22.385823|INFO    |PktHandler    |1  |Dropping client 505 because of ping timeout 19 0 0
2021-05-31 22:43:53.912540|INFO    |PktHandler    |1  |Dropping client 506 because of ping timeout 19 0 0
2021-05-31 23:03:29.791590|INFO    |PktHandler    |1  |Dropping client 503 because of ping timeout 19 0 0
2021-06-01 10:58:56.002796|INFO    |PktHandler    |1  |Dropping client 509 because of ping timeout 19 0 0
2021-06-01 11:25:03.569834|INFO    |PktHandler    |1  |Dropping client 511 because of ping timeout 19 0 0
2021-06-01 12:13:17.502726|INFO    |PktHandler    |1  |Dropping client 492 because of ping timeout 19 0 0
2021-06-02 08:45:50.696268|INFO    |PktHandler    |1  |Dropping client 513 because of ping timeout 19 0 0
2021-06-02 09:10:05.070291|INFO    |PktHandler    |1  |Dropping client 517 because of ping timeout 19 0 0
2021-06-02 15:52:05.835466|INFO    |PktHandler    |1  |Dropping client 519 because of ping timeout 19 0 0
2021-06-02 18:57:06.534395|INFO    |PktHandler    |1  |Dropping client 525 because of ping timeout 19 0 0
2021-06-03 11:32:58.871260|INFO    |PktHandler    |1  |Dropping client 528 because of ping timeout 19 0 0
2021-06-03 13:38:48.595932|INFO    |PktHandler    |1  |Dropping client 531 because of ping timeout 19 0 0
2021-06-04 16:00:15.739729|INFO    |PktHandler    |1  |Dropping client 539 because of ping timeout 19 0 0
2021-06-04 16:49:21.536678|INFO    |PktHandler    |1  |Dropping client 544 because of ping timeout 19 0 0
2021-06-04 18:48:46.781947|INFO    |PktHandler    |1  |Dropping client 545 because of ping timeout 19 0 0
2021-06-04 20:23:35.523030|INFO    |PktHandler    |1  |Dropping client 547 because of ping timeout 19 0 0
2021-06-05 08:47:49.095481|INFO    |PktHandler    |1  |Cleaning up connection because of 9 resends of COMMAND packet
2021-06-05 08:47:49.095642|INFO    |PktHandler    |1  |Dropping client 552 because of resend timeout
2021-06-05 09:24:21.846541|INFO    |PktHandler    |1  |Dropping client 549 because of ping timeout 19 0 0
2021-06-05 11:42:50.821418|INFO    |PktHandler    |1  |Dropping client 553 because of ping timeout 19 0 0
2021-06-05 12:14:38.896939|INFO    |PktHandler    |1  |Dropping client 555 because of ping timeout 19 0 0
2021-06-05 14:00:17.078481|INFO    |PktHandler    |1  |Dropping client 529 because of ping timeout 19 0 0
2021-06-05 15:10:19.696806|INFO    |PktHandler    |1  |Dropping client 557 because of ping timeout 19 0 0
2021-06-05 16:12:39.759730|INFO    |PktHandler    |1  |Dropping client 558 because of ping timeout 19 0 0
2021-06-05 17:11:50.596638|INFO    |PktHandler    |1  |Dropping client 560 because of ping timeout 19 0 0
2021-06-05 17:44:08.729951|INFO    |PktHandler    |1  |Dropping client 556 because of ping timeout 19 0 0
2021-06-05 18:00:19.294916|INFO    |PktHandler    |1  |Dropping client 566 because of ping timeout 19 0 0
2021-06-06 06:11:01.621438|INFO    |PktHandler    |1  |Dropping client 567 because of ping timeout 19 0 0
2021-06-06 10:28:25.216992|INFO    |PktHandler    |1  |Dropping client 562 because of ping timeout 19 0 0
2021-06-06 18:13:58.391402|INFO    |PktHandler    |1  |Dropping client 573 because of ping timeout 19 0 0
2021-06-06 18:23:08.291032|INFO    |PktHandler    |1  |Dropping client 571 because of ping timeout 19 0 0
2021-06-06 18:32:53.233280|INFO    |PktHandler    |1  |Dropping client 575 because of ping timeout 19 0 0
2021-06-06 20:49:15.505800|INFO    |PktHandler    |1  |Dropping client 574 because of ping timeout 19 0 0
2021-06-07 09:52:46.211697|INFO    |PktHandler    |1  |Dropping client 577 because of ping timeout 19 0 0
2021-06-07 13:51:38.394877|INFO    |PktHandler    |1  |Dropping client 579 because of ping timeout 19 0 0
2021-06-07 16:00:47.609891|INFO    |PktHandler    |1  |Dropping client 584 because of ping timeout 19 0 0
2021-06-07 16:10:23.571894|INFO    |PktHandler    |1  |Dropping client 580 because of ping timeout 19 0 0
2021-06-07 17:00:20.348947|INFO    |PktHandler    |1  |Dropping client 586 because of ping timeout 19 0 0
2021-06-07 18:34:57.338440|INFO    |PktHandler    |1  |Dropping client 588 because of ping timeout 19 0 0
2021-06-07 18:34:57.339258|INFO    |PktHandler    |1  |Dropping client 585 because of ping timeout 19 0 0
2021-06-08 09:44:48.180798|INFO    |PktHandler    |1  |Dropping client 591 because of ping timeout 19 0 0
2021-06-08 19:28:19.255118|INFO    |PktHandler    |1  |Dropping client 596 because of ping timeout 19 0 0
2021-06-08 20:38:09.827280|INFO    |PktHandler    |1  |Dropping client 592 because of ping timeout 19 0 0
2021-06-09 03:23:51.787776|INFO    |PktHandler    |1  |Dropping client 576 because of ping timeout 19 0 0
2021-06-09 21:23:14.938972|INFO    |PktHandler    |1  |Dropping client 605 because of ping timeout 19 0 0
2021-06-11 14:57:10.451281|INFO    |PktHandler    |1  |Dropping client 613 because of ping timeout 19 0 0
2021-06-11 17:22:33.703079|INFO    |PktHandler    |1  |Dropping client 621 because of ping timeout 19 0 0
2021-06-11 18:10:43.726548|INFO    |PktHandler    |1  |Dropping client 624 because of ping timeout 19 0 0
2021-06-12 22:01:59.897096|INFO    |PktHandler    |1  |Dropping client 627 because of ping timeout 19 0 0
2021-06-12 22:40:01.405078|INFO    |PktHandler    |1  |Dropping client 626 because of ping timeout 19 0 0
2021-06-12 22:50:28.414949|INFO    |PktHandler    |1  |Dropping client 631 because of ping timeout 19 0 0
2021-06-12 23:04:37.796169|INFO    |PktHandler    |1  |Dropping client 632 because of ping timeout 19 0 0
2021-06-13 09:24:08.550360|INFO    |PktHandler    |1  |Dropping client 633 because of ping timeout 19 0 0
2021-06-13 14:54:23.752896|INFO    |PktHandler    |1  |Dropping client 639 because of ping timeout 19 0 0
2021-06-13 17:46:28.542637|INFO    |PktHandler    |1  |Dropping client 603 because of ping timeout 19 0 0
2021-06-14 02:40:35.868067|INFO    |PktHandler    |1  |Dropping client 641 because of ping timeout 19 0 0
2021-06-14 12:48:20.276448|INFO    |PktHandler    |1  |Dropping client 644 because of ping timeout 19 0 0
2021-06-14 17:02:33.300441|INFO    |PktHandler    |1  |Dropping client 647 because of ping timeout 19 0 0
2021-06-14 18:56:11.783367|INFO    |PktHandler    |1  |Dropping client 648 because of ping timeout 19 0 0
2021-06-14 20:06:45.720992|INFO    |PktHandler    |1  |Dropping client 652 because of ping timeout 19 0 0
2021-06-15 14:46:57.038081|INFO    |PktHandler    |1  |Dropping client 655 because of ping timeout 19 0 0
2021-06-15 15:47:13.289592|INFO    |PktHandler    |1  |Dropping client 657 because of ping timeout 19 0 0
2021-06-15 16:20:03.096583|INFO    |PktHandler    |1  |Dropping client 659 because of ping timeout 19 0 0
2021-06-15 17:33:22.457638|INFO    |PktHandler    |1  |Dropping client 660 because of ping timeout 19 0 0
2021-06-15 20:22:44.652279|INFO    |PktHandler    |1  |Dropping client 663 because of ping timeout 19 0 0
2021-06-15 23:57:34.981569|INFO    |PktHandler    |1  |Dropping client 650 because of ping timeout 19 0 0
2021-06-16 14:46:36.273979|INFO    |PktHandler    |1  |Cleaning up connection because of 14 resends of COMMAND packet
2021-06-16 14:46:36.274646|INFO    |PktHandler    |1  |Dropping client 666 because of resend timeout
2021-06-17 11:02:56.280278|INFO    |PktHandler    |1  |Dropping client 667 because of ping timeout 19 0 0
2021-06-17 17:24:35.323597|INFO    |PktHandler    |1  |Dropping client 676 because of ping timeout 19 0 0
2021-06-18 10:31:36.245187|INFO    |PktHandler    |1  |Cleaning up connection because of 9 resends of COMMAND packet
2021-06-18 10:31:36.246832|INFO    |PktHandler    |1  |Dropping client 681 because of resend timeout
2021-06-18 10:32:09.594272|INFO    |PktHandler    |1  |Cleaning up connection because of 9 resends of COMMAND packet
2021-06-18 10:32:09.594758|INFO    |PktHandler    |1  |Dropping client 682 because of resend timeout
2021-06-18 10:33:41.530312|INFO    |PktHandler    |1  |Dropping client 674 because of ping timeout 19 0 0
2021-06-18 12:54:48.262081|INFO    |PktHandler    |1  |Cleaning up connection because of 14 resends of COMMAND packet
2021-06-18 12:54:48.262267|INFO    |PktHandler    |1  |Dropping client 685 because of resend timeout
2021-06-18 16:29:24.917516|INFO    |PktHandler    |1  |Dropping client 684 because of ping timeout 19 0 0
2021-06-18 17:12:31.561560|INFO    |PktHandler    |1  |Dropping client 689 because of ping timeout 19 0 0
2021-06-18 18:22:01.477964|INFO    |PktHandler    |1  |Dropping client 690 because of ping timeout 19 0 0
2021-06-18 19:37:49.048284|INFO    |PktHandler    |1  |Dropping client 687 because of ping timeout 19 0 0
2021-06-19 09:38:37.723602|INFO    |PktHandler    |1  |Dropping client 693 because of ping timeout 19 0 0
2021-06-19 14:01:48.420546|INFO    |PktHandler    |1  |Dropping client 696 because of ping timeout 19 0 0
2021-06-19 14:51:02.834865|INFO    |PktHandler    |1  |Dropping client 695 because of ping timeout 19 0 0
2021-06-19 15:37:39.854938|INFO    |PktHandler    |1  |Dropping client 703 because of ping timeout 19 0 0
2021-06-19 16:08:56.611710|INFO    |PktHandler    |1  |Dropping client 700 because of ping timeout 19 0 0
2021-06-19 16:24:21.963197|INFO    |PktHandler    |1  |Dropping client 702 because of ping timeout 19 0 0
2021-06-19 17:57:47.236207|INFO    |PktHandler    |1  |Dropping client 706 because of ping timeout 19 0 0
2021-06-20 13:20:36.316095|INFO    |PktHandler    |1  |Cleaning up connection because of 14 resends of COMMAND packet
2021-06-20 13:20:36.316787|INFO    |PktHandler    |1  |Dropping client 708 because of resend timeout
2021-06-20 13:49:42.160023|INFO    |PktHandler    |1  |Dropping client 712 because of ping timeout 19 0 0
2021-06-20 14:57:12.976678|INFO    |PktHandler    |1  |Dropping client 713 because of ping timeout 19 0 0
2021-06-20 16:36:19.664570|INFO    |PktHandler    |1  |Dropping client 714 because of ping timeout 19 0 0
2021-06-20 16:48:17.723887|INFO    |PktHandler    |1  |Dropping client 715 because of ping timeout 19 0 0
2021-06-20 18:52:21.658057|INFO    |PktHandler    |1  |Dropping client 716 because of ping timeout 19 0 0
2021-06-20 19:18:29.890383|INFO    |PktHandler    |1  |Dropping client 717 because of ping timeout 19 0 0
2021-06-20 20:02:59.690404|INFO    |PktHandler    |1  |Dropping client 718 because of ping timeout 19 0 0
2021-06-21 07:54:36.033316|INFO    |PktHandler    |1  |Dropping client 722 because of ping timeout 19 0 0
2021-06-21 16:06:06.665654|INFO    |PktHandler    |1  |Dropping client 721 because of ping timeout 19 0 0
2021-06-21 16:14:10.360622|INFO    |PktHandler    |1  |Dropping client 723 because of ping timeout 19 0 0
2021-06-21 16:15:36.487178|INFO    |PktHandler    |1  |Dropping client 727 because of ping timeout 19 0 0
2021-06-21 17:02:17.403711|INFO    |PktHandler    |1  |Dropping client 728 because of ping timeout 19 0 0
2021-06-21 17:52:39.686091|INFO    |PktHandler    |1  |Dropping client 730 because of ping timeout 19 0 0
2021-06-21 18:49:21.546134|INFO    |PktHandler    |1  |Dropping client 731 because of ping timeout 19 0 0
2021-06-21 19:42:30.108840|INFO    |PktHandler    |1  |Dropping client 729 because of ping timeout 19 0 0
2021-06-21 20:49:52.781345|INFO    |PktHandler    |1  |Dropping client 733 because of ping timeout 19 0 0
2021-06-21 20:49:52.782867|INFO    |PktHandler    |1  |Dropping client 732 because of ping timeout 19 0 0
2021-06-21 21:00:04.692419|INFO    |PktHandler    |1  |Dropping client 735 because of ping timeout 19 0 0
2021-06-22 06:24:04.624667|INFO    |PktHandler    |1  |Dropping client 734 because of ping timeout 19 0 0
2021-06-22 09:53:21.474007|INFO    |PktHandler    |1  |Dropping client 737 because of ping timeout 19 0 0
2021-06-22 10:36:20.766276|INFO    |PktHandler    |1  |Dropping client 739 because of ping timeout 19 0 0
2021-06-22 16:23:59.162414|INFO    |PktHandler    |1  |Dropping client 741 because of ping timeout 19 0 0
2021-06-22 21:53:15.371819|INFO    |PktHandler    |1  |Dropping client 740 because of ping timeout 19 0 0
2021-06-22 22:19:52.706158|INFO    |PktHandler    |1  |Dropping client 745 because of ping timeout 19 0 0
2021-06-23 01:56:41.691801|INFO    |PktHandler    |1  |Dropping client 738 because of ping timeout 19 0 0
2021-06-23 01:56:50.205601|INFO    |PktHandler    |1  |Cleaning up connection because of 9 resends of COMMAND packet
2021-06-23 01:56:50.205692|INFO    |PktHandler    |1  |Dropping client 747 because of resend timeout
2021-06-23 15:49:35.608405|INFO    |PktHandler    |1  |Dropping client 750 because of ping timeout 19 0 0
2021-06-23 16:54:13.288276|INFO    |PktHandler    |1  |Dropping client 748 because of ping timeout 19 0 0
2021-06-23 16:54:46.337660|INFO    |PktHandler    |1  |Dropping client 746 because of ping timeout 19 0 0
2021-06-23 18:55:02.809509|INFO    |PktHandler    |1  |Cleaning up connection because of 9 resends of COMMAND packet
2021-06-23 18:55:02.809677|INFO    |PktHandler    |1  |Dropping client 756 because of resend timeout
2021-06-23 18:56:09.811837|INFO    |PktHandler    |1  |Dropping client 757 because of ping timeout 19 0 0
2021-06-23 18:57:20.723593|INFO    |PktHandler    |1  |Cleaning up connection because of 9 resends of COMMAND packet
2021-06-23 18:57:20.724196|INFO    |PktHandler    |1  |Dropping client 758 because of resend timeout
2021-06-23 18:58:08.192907|INFO    |PktHandler    |1  |Cleaning up connection because of 9 resends of COMMAND packet
2021-06-23 18:58:08.193239|INFO    |PktHandler    |1  |Dropping client 759 because of resend timeout
2021-06-23 19:03:10.440786|INFO    |PktHandler    |1  |Dropping client 760 because of ping timeout 19 0 0
2021-06-23 20:40:56.758752|INFO    |PktHandler    |1  |Dropping client 752 because of ping timeout 19 0 0
2021-06-24 08:20:06.991441|INFO    |PktHandler    |1  |Dropping client 763 because of ping timeout 19 0 0
2021-06-24 17:48:32.321184|INFO    |PktHandler    |1  |Dropping client 767 because of ping timeout 19 0 0
2021-06-24 17:51:37.614712|INFO    |PktHandler    |1  |Dropping client 770 because of ping timeout 19 0 0
2021-06-24 20:24:15.208339|INFO    |PktHandler    |1  |Dropping client 764 because of ping timeout 19 0 0
2021-06-25 16:12:06.162087|INFO    |PktHandler    |1  |Dropping client 774 because of ping timeout 19 0 0
2021-06-25 17:26:58.860944|INFO    |PktHandler    |1  |Dropping client 761 because of ping timeout 19 0 0
2021-06-25 17:51:57.392829|INFO    |PktHandler    |1  |Dropping client 776 because of ping timeout 19 0 0
2021-06-25 19:35:34.611815|INFO    |PktHandler    |1  |Dropping client 778 because of ping timeout 19 0 0
2021-06-25 19:45:52.579691|INFO    |PktHandler    |1  |Dropping client 773 because of ping timeout 19 0 0
2021-06-26 08:13:29.693820|INFO    |PktHandler    |1  |Dropping client 782 because of ping timeout 19 0 0
2021-06-26 11:26:26.490961|INFO    |PktHandler    |1  |Dropping client 783 because of ping timeout 19 0 0
2021-06-26 11:35:11.346136|INFO    |PktHandler    |1  |Dropping client 785 because of ping timeout 19 0 0
2021-06-26 12:51:21.971420|INFO    |PktHandler    |1  |Dropping client 788 because of ping timeout 19 0 0
2021-06-26 20:07:42.453935|INFO    |PktHandler    |1  |Dropping client 786 because of ping timeout 19 0 0
2021-06-26 21:10:06.499288|INFO    |PktHandler    |1  |Dropping client 790 because of ping timeout 19 0 0
2021-06-26 21:53:09.344235|INFO    |PktHandler    |1  |Cleaning up connection because of 14 resends of COMMAND packet
2021-06-26 21:53:09.345205|INFO    |PktHandler    |1  |Dropping client 753 because of resend timeout
2021-06-27 14:13:13.934258|INFO    |PktHandler    |1  |Dropping client 795 because of ping timeout 19 0 0
2021-06-27 18:52:46.234985|INFO    |PktHandler    |1  |Dropping client 780 because of ping timeout 19 0 0
2021-06-27 23:21:05.781904|INFO    |PktHandler    |1  |Dropping client 797 because of ping timeout 19 0 0
2021-06-27 23:21:05.783644|INFO    |PktHandler    |1  |Dropping client 792 because of ping timeout 19 0 0
2021-06-28 06:28:49.969350|INFO    |PktHandler    |1  |Dropping client 799 because of ping timeout 19 0 0
2021-06-28 06:52:16.262249|INFO    |PktHandler    |1  |Dropping client 800 because of ping timeout 19 0 0
2021-06-28 14:13:34.423299|INFO    |PktHandler    |1  |Dropping client 804 because of ping timeout 19 0 0
2021-06-28 14:13:34.424553|INFO    |PktHandler    |1  |Dropping client 802 because of ping timeout 19 0 0
2021-06-28 14:40:58.040340|INFO    |PktHandler    |1  |Dropping client 806 because of ping timeout 19 0 0
2021-06-28 15:26:55.474796|INFO    |PktHandler    |1  |Dropping client 809 because of ping timeout 19 0 0
2021-06-28 15:26:55.475675|INFO    |PktHandler    |1  |Dropping client 807 because of ping timeout 19 0 0
2021-06-28 16:22:44.027278|INFO    |PktHandler    |1  |Dropping client 811 because of ping timeout 19 0 0
2021-06-28 18:17:30.517634|INFO    |PktHandler    |1  |Dropping client 812 because of ping timeout 19 0 0
2021-06-28 18:34:29.296463|INFO    |PktHandler    |1  |Dropping client 814 because of ping timeout 19 0 0
2021-06-29 13:15:21.279810|INFO    |PktHandler    |1  |Dropping client 816 because of ping timeout 19 0 0
2021-06-30 15:39:59.190668|INFO    |PktHandler    |1  |Dropping client 824 because of ping timeout 19 0 0
2021-06-30 19:25:12.820753|INFO    |PktHandler    |1  |Dropping client 827 because of ping timeout 19 0 0
2021-07-01 17:53:35.751291|INFO    |PktHandler    |1  |Dropping client 798 because of ping timeout 19 0 0
2021-07-03 10:10:31.744585|INFO    |PktHandler    |1  |Dropping client 842 because of ping timeout 19 0 0
2021-07-03 11:18:17.461483|INFO    |PktHandler    |1  |Dropping client 837 because of ping timeout 19 0 0
2021-07-03 11:19:42.573642|INFO    |PktHandler    |1  |Dropping client 846 because of ping timeout 19 0 0
2021-07-03 11:33:54.780932|INFO    |PktHandler    |1  |Dropping client 847 because of ping timeout 19 0 0
2021-07-03 12:17:40.451162|INFO    |PktHandler    |1  |Dropping client 848 because of ping timeout 19 0 0
2021-07-03 17:14:34.237505|INFO    |PktHandler    |1  |Dropping client 850 because of ping timeout 19 0 0
2021-07-04 12:05:20.781502|INFO    |PktHandler    |1  |Dropping client 849 because of ping timeout 19 0 0
2021-07-04 12:15:27.670076|INFO    |PktHandler    |1  |Dropping client 859 because of ping timeout 19 0 0
2021-07-04 16:16:22.462468|INFO    |PktHandler    |1  |Dropping client 863 because of ping timeout 19 0 0
2021-07-05 11:25:06.278886|INFO    |PktHandler    |1  |Dropping client 854 because of ping timeout 19 0 0
2021-07-05 15:33:28.957223|INFO    |PktHandler    |1  |Dropping client 870 because of ping timeout 19 0 0
2021-07-05 16:28:29.826259|INFO    |PktHandler    |1  |Dropping client 874 because of ping timeout 19 0 0
2021-07-08 20:51:15.104965|INFO    |PktHandler    |1  |Dropping client 887 because of ping timeout 19 0 0
2021-07-09 04:18:34.444051|INFO    |PktHandler    |1  |Dropping client 889 because of ping timeout 19 0 0
2021-07-09 14:55:53.376031|INFO    |PktHandler    |1  |Dropping client 895 because of ping timeout 19 0 0
2021-07-09 15:49:55.098172|INFO    |PktHandler    |1  |Dropping client 896 because of ping timeout 19 0 0
2021-07-09 15:58:03.816726|INFO    |PktHandler    |1  |Dropping client 876 because of ping timeout 19 0 0
2021-07-09 16:02:26.194138|INFO    |PktHandler    |1  |Dropping client 898 because of ping timeout 19 0 0
2021-07-09 23:32:57.105692|INFO    |PktHandler    |1  |Dropping client 899 because of ping timeout 19 0 0
2021-07-10 20:54:20.839829|INFO    |PktHandler    |1  |Dropping client 902 because of ping timeout 19 0 0
2021-07-11 09:38:17.442200|INFO    |PktHandler    |1  |Dropping client 908 because of ping timeout 19 0 0
2021-07-11 13:57:37.551313|INFO    |PktHandler    |1  |Dropping client 907 because of ping timeout 19 0 0
2021-07-12 13:13:11.300335|INFO    |PktHandler    |1  |Dropping client 900 because of ping timeout 19 0 0
2021-07-12 13:18:41.804658|INFO    |PktHandler    |1  |Dropping client 918 because of ping timeout 19 0 0
2021-07-12 15:12:11.917588|INFO    |PktHandler    |1  |Dropping client 921 because of ping timeout 19 0 0
2021-07-12 16:02:26.177097|INFO    |PktHandler    |1  |Dropping client 922 because of ping timeout 19 0 0
2021-07-12 16:26:25.207641|INFO    |PktHandler    |1  |Dropping client 923 because of ping timeout 19 0 0
2021-07-12 17:37:44.220461|INFO    |PktHandler    |1  |Dropping client 924 because of ping timeout 19 0 0
2021-07-12 18:00:24.117112|INFO    |PktHandler    |1  |Dropping client 925 because of ping timeout 19 0 0
2021-07-12 18:04:27.459587|INFO    |PktHandler    |1  |Dropping client 926 because of ping timeout 19 0 0
2021-07-12 21:10:41.576069|INFO    |PktHandler    |1  |Dropping client 915 because of ping timeout 19 0 0
2021-07-13 09:34:46.354388|INFO    |PktHandler    |1  |Dropping client 927 because of ping timeout 19 0 0
2021-07-13 12:53:24.629364|INFO    |PktHandler    |1  |Dropping client 930 because of ping timeout 19 0 0
2021-07-13 13:20:29.981523|INFO    |PktHandler    |1  |Dropping client 931 because of ping timeout 19 0 0
2021-07-13 20:59:44.308304|INFO    |PktHandler    |1  |Dropping client 935 because of ping timeout 19 0 0
2021-07-14 12:45:53.576409|INFO    |PktHandler    |1  |Dropping client 939 because of ping timeout 19 0 0
2021-07-14 13:56:19.622654|INFO    |PktHandler    |1  |Dropping client 940 because of ping timeout 19 0 0
2021-07-15 23:28:34.808131|INFO    |PktHandler    |1  |Dropping client 919 because of ping timeout 19 0 0
2021-07-17 11:25:34.225819|INFO    |PktHandler    |1  |Dropping client 955 because of ping timeout 19 0 0
2021-07-17 11:25:34.226858|INFO    |PktHandler    |1  |Dropping client 953 because of ping timeout 19 0 0
2021-07-17 11:39:16.372362|INFO    |PktHandler    |1  |Dropping client 961 because of ping timeout 19 0 0
2021-07-17 11:39:16.372598|INFO    |PktHandler    |1  |Dropping client 960 because of ping timeout 19 0 0
2021-07-17 17:23:24.637017|INFO    |PktHandler    |1  |Dropping client 963 because of ping timeout 19 0 0
2021-07-18 19:15:28.968752|INFO    |PktHandler    |1  |Dropping client 973 because of ping timeout 19 0 0
2021-07-19 15:05:15.471707|INFO    |PktHandler    |1  |Dropping client 967 because of ping timeout 19 0 0
2021-07-20 22:06:15.193479|INFO    |PktHandler    |1  |Dropping client 981 because of ping timeout 19 0 0
2021-07-21 08:37:01.834037|INFO    |PktHandler    |1  |Dropping client 976 because of ping timeout 19 0 0
2021-07-21 16:50:41.011945|INFO    |PktHandler    |1  |Dropping client 979 because of ping timeout 19 0 0
2021-07-21 17:57:25.751588|INFO    |PktHandler    |1  |Dropping client 984 because of ping timeout 19 0 0
2021-07-22 16:07:01.686828|INFO    |PktHandler    |1  |Dropping client 987 because of ping timeout 19 0 0
2021-07-22 20:38:09.298615|INFO    |PktHandler    |1  |Dropping client 998 because of ping timeout 19 0 0
2021-07-22 22:22:28.549739|INFO    |PktHandler    |1  |Dropping client 1002 because of ping timeout 19 0 0
2021-07-23 16:21:05.616120|INFO    |PktHandler    |1  |Dropping client 1006 because of ping timeout 19 0 0
2021-07-23 16:36:16.996581|INFO    |PktHandler    |1  |Dropping client 1007 because of ping timeout 19 0 0
2021-07-24 19:42:33.532787|INFO    |PktHandler    |1  |Dropping client 1015 because of ping timeout 19 0 0
2021-07-24 19:49:17.134386|INFO    |PktHandler    |1  |Dropping client 1003 because of ping timeout 19 0 0
2021-07-24 20:15:08.508124|INFO    |PktHandler    |1  |Dropping client 1017 because of ping timeout 19 0 0
2021-07-25 07:41:44.873339|INFO    |PktHandler    |1  |Dropping client 1022 because of ping timeout 19 0 0
2021-07-25 12:07:46.850676|INFO    |PktHandler    |1  |Dropping client 1023 because of ping timeout 19 0 0
2021-07-25 13:50:02.078593|INFO    |PktHandler    |1  |Dropping client 1026 because of ping timeout 19 0 0
2021-07-25 14:17:46.598962|INFO    |PktHandler    |1  |Dropping client 1028 because of ping timeout 19 0 0
2021-07-25 15:14:20.682891|INFO    |PktHandler    |1  |Dropping client 1029 because of ping timeout 19 0 0
2021-07-25 17:44:03.209859|INFO    |PktHandler    |1  |Dropping client 1020 because of ping timeout 19 0 0
2021-07-25 18:59:47.849986|INFO    |PktHandler    |1  |Dropping client 1032 because of ping timeout 19 0 0
2021-07-25 19:18:05.416113|INFO    |PktHandler    |1  |Dropping client 1031 because of ping timeout 19 0 0
2021-07-26 12:59:26.219778|INFO    |PktHandler    |1  |Dropping client 1021 because of ping timeout 19 0 0
2021-07-27 06:49:55.418439|INFO    |VirtualServerBase|1  |stopped
