2020-10-17 12:25:07.285302|INFO    |VirtualServerBase|1  |listening on 0.0.0.0:9987, [::]:9987
2020-10-17 14:35:27.339364|INFO    |PktHandler    |1  |Dropping client 6 because of ping timeout 19 0 0
2020-10-17 15:28:49.327079|INFO    |PktHandler    |1  |Dropping client 8 because of ping timeout 19 0 0
2020-10-17 15:56:19.844335|INFO    |PktHandler    |1  |Dropping client 9 because of ping timeout 19 0 0
2020-10-17 18:57:30.848482|INFO    |PktHandler    |1  |Dropping client 10 because of ping timeout 19 0 0
2020-10-17 19:01:12.885788|INFO    |PktHandler    |1  |Cleaning up connection because of 9 resends of COMMAND packet
2020-10-17 19:01:12.885924|INFO    |PktHandler    |1  |Dropping client 14 because of resend timeout
2020-10-17 19:01:45.839164|INFO    |PktHandler    |1  |Cleaning up connection because of 9 resends of COMMAND packet
2020-10-17 19:01:45.843279|INFO    |PktHandler    |1  |Dropping client 15 because of resend timeout
2020-10-17 19:02:18.194521|INFO    |PktHandler    |1  |Cleaning up connection because of 9 resends of COMMAND packet
2020-10-17 19:02:18.194679|INFO    |PktHandler    |1  |Dropping client 16 because of resend timeout
2020-10-17 19:05:27.587748|INFO    |PktHandler    |1  |Dropping client 18 because of ping timeout 19 0 0
2020-10-17 20:11:33.957358|INFO    |PktHandler    |1  |Dropping client 19 because of ping timeout 19 0 0
2020-10-17 20:32:40.069040|INFO    |PktHandler    |1  |Dropping client 20 because of ping timeout 19 0 0
2020-10-17 22:16:32.651188|INFO    |PktHandler    |1  |Dropping client 3 because of ping timeout 19 0 0
2020-10-18 10:15:38.698251|INFO    |PktHandler    |1  |Dropping client 26 because of ping timeout 19 0 0
2020-10-18 10:43:37.252586|INFO    |PktHandler    |1  |Dropping client 27 because of ping timeout 19 0 0
2020-10-18 15:11:58.507436|INFO    |PktHandler    |1  |Dropping client 28 because of ping timeout 19 0 0
2020-10-18 16:45:33.273753|INFO    |PktHandler    |1  |Dropping client 33 because of ping timeout 19 0 0
2020-10-18 17:46:50.085562|INFO    |PktHandler    |1  |Dropping client 34 because of ping timeout 19 0 0
2020-10-18 18:44:15.815774|INFO    |PktHandler    |1  |Dropping client 32 because of ping timeout 19 0 0
2020-10-18 18:51:05.495254|INFO    |PktHandler    |1  |Dropping client 35 because of ping timeout 19 0 0
2020-10-18 19:08:22.164968|INFO    |PktHandler    |1  |Dropping client 38 because of ping timeout 19 0 0
2020-10-18 20:08:07.946254|INFO    |PktHandler    |1  |Dropping client 29 because of ping timeout 19 0 0
2020-10-18 20:15:13.641357|INFO    |PktHandler    |1  |Dropping client 36 because of ping timeout 19 0 0
2020-10-18 20:16:15.741277|INFO    |PktHandler    |1  |Dropping client 40 because of ping timeout 19 0 0
2020-10-18 20:23:02.383320|INFO    |PktHandler    |1  |Dropping client 42 because of ping timeout 19 0 0
2020-10-18 21:51:43.542000|INFO    |PktHandler    |1  |Dropping client 39 because of ping timeout 19 0 0
2020-10-19 07:17:17.751277|INFO    |PktHandler    |1  |Dropping client 46 because of ping timeout 19 0 0
2020-10-19 17:42:48.121356|INFO    |PktHandler    |1  |Dropping client 47 because of ping timeout 19 0 0
2020-10-19 17:58:07.614265|INFO    |PktHandler    |1  |Dropping client 51 because of ping timeout 19 0 0
2020-10-19 18:41:03.886844|INFO    |PktHandler    |1  |Dropping client 52 because of ping timeout 19 0 0
2020-10-19 21:29:38.706048|INFO    |PktHandler    |1  |Dropping client 53 because of ping timeout 19 0 0
2020-10-19 22:27:41.809006|INFO    |PktHandler    |1  |Dropping client 54 because of ping timeout 19 0 0
2020-10-20 07:20:19.718150|INFO    |PktHandler    |1  |Dropping client 58 because of ping timeout 19 0 0
2020-10-20 16:25:33.493820|INFO    |PktHandler    |1  |Dropping client 63 because of ping timeout 19 0 0
2020-10-20 17:37:28.996992|INFO    |PktHandler    |1  |Dropping client 65 because of ping timeout 19 0 0
2020-10-20 18:35:44.050286|INFO    |PktHandler    |1  |Dropping client 1 because of ping timeout 19 0 0
2020-10-20 18:59:03.185783|INFO    |PktHandler    |1  |Dropping client 68 because of ping timeout 19 0 0
2020-10-20 19:24:43.547444|INFO    |PktHandler    |1  |Dropping client 66 because of ping timeout 19 0 0
2020-10-21 08:31:20.052824|INFO    |PktHandler    |1  |Dropping client 69 because of ping timeout 19 0 0
2020-10-21 09:24:22.044124|INFO    |PktHandler    |1  |Dropping client 71 because of ping timeout 19 0 0
2020-10-21 10:48:46.030439|INFO    |PktHandler    |1  |Dropping client 72 because of ping timeout 19 0 0
2020-10-21 15:03:01.825194|INFO    |PktHandler    |1  |Dropping client 74 because of ping timeout 19 0 0
2020-10-21 18:20:16.562450|INFO    |PktHandler    |1  |Dropping client 75 because of ping timeout 19 0 0
2020-10-22 07:13:12.977102|INFO    |PktHandler    |1  |Dropping client 78 because of ping timeout 19 0 0
2020-10-22 15:26:17.881071|INFO    |PktHandler    |1  |Dropping client 83 because of ping timeout 19 0 0
2020-10-22 17:07:21.113756|INFO    |PktHandler    |1  |Dropping client 82 because of ping timeout 19 0 0
2020-10-22 18:26:31.806887|INFO    |PktHandler    |1  |Dropping client 91 because of ping timeout 19 0 0
2020-10-22 18:51:16.319863|INFO    |PktHandler    |1  |Dropping client 92 because of ping timeout 19 0 0
2020-10-22 18:53:20.510574|INFO    |PktHandler    |1  |Dropping client 81 because of ping timeout 19 0 0
2020-10-22 19:14:57.619582|INFO    |PktHandler    |1  |Dropping client 90 because of ping timeout 19 0 0
2020-10-23 14:07:18.833247|INFO    |PktHandler    |1  |Dropping client 94 because of ping timeout 19 0 0
2020-10-23 20:02:09.700797|INFO    |PktHandler    |1  |Dropping client 103 because of ping timeout 19 0 0
2020-10-24 00:18:55.538228|INFO    |PktHandler    |1  |Dropping client 107 because of ping timeout 19 0 0
2020-10-24 17:43:26.175452|INFO    |PktHandler    |1  |Dropping client 116 because of ping timeout 19 0 0
2020-10-25 09:42:05.677529|INFO    |PktHandler    |1  |Dropping client 120 because of ping timeout 19 0 0
2020-10-25 10:51:58.217894|INFO    |PktHandler    |1  |Dropping client 121 because of ping timeout 19 0 0
2020-10-25 10:58:02.877573|INFO    |PktHandler    |1  |Dropping client 123 because of ping timeout 19 0 0
2020-10-25 12:37:29.177933|INFO    |PktHandler    |1  |Dropping client 124 because of ping timeout 19 0 0
2020-10-25 15:25:24.001656|INFO    |PktHandler    |1  |Dropping client 126 because of ping timeout 19 0 0
2020-10-25 15:30:12.526069|INFO    |PktHandler    |1  |Dropping client 127 because of ping timeout 19 0 0
2020-10-25 15:58:57.554333|INFO    |PktHandler    |1  |Dropping client 125 because of ping timeout 19 0 0
2020-10-25 16:01:09.779296|INFO    |PktHandler    |1  |Dropping client 128 because of ping timeout 19 0 0
2020-10-25 16:49:46.613889|INFO    |PktHandler    |1  |Dropping client 130 because of ping timeout 19 0 0
2020-10-25 17:35:39.224726|INFO    |PktHandler    |1  |Dropping client 133 because of ping timeout 19 0 0
2020-10-25 20:43:08.780251|INFO    |PktHandler    |1  |Dropping client 134 because of ping timeout 19 0 0
2020-10-25 21:05:11.169831|INFO    |PktHandler    |1  |Dropping client 135 because of ping timeout 19 0 0
2020-10-25 21:23:57.202720|INFO    |PktHandler    |1  |Dropping client 136 because of ping timeout 19 0 0
2020-10-25 21:38:34.768181|INFO    |PktHandler    |1  |Dropping client 137 because of ping timeout 19 0 0
2020-10-25 22:00:40.092724|INFO    |PktHandler    |1  |Dropping client 138 because of ping timeout 19 0 0
2020-10-26 10:17:41.481199|INFO    |PktHandler    |1  |Dropping client 140 because of ping timeout 19 0 0
2020-10-26 10:53:38.333258|INFO    |PktHandler    |1  |Dropping client 142 because of ping timeout 19 0 0
2020-10-26 15:24:20.429925|INFO    |PktHandler    |1  |Dropping client 143 because of ping timeout 19 0 0
2020-10-26 16:50:10.369918|INFO    |PktHandler    |1  |Dropping client 145 because of ping timeout 19 0 0
2020-10-26 22:12:30.477216|INFO    |PktHandler    |1  |Dropping client 146 because of ping timeout 19 0 0
2020-10-26 23:52:39.522471|INFO    |PktHandler    |1  |Dropping client 150 because of ping timeout 19 0 0
2020-10-27 21:05:48.028412|INFO    |PktHandler    |1  |Dropping client 155 because of ping timeout 19 0 0
2020-10-27 21:41:35.807870|INFO    |PktHandler    |1  |Dropping client 156 because of ping timeout 19 0 0
2020-10-28 15:39:39.110820|INFO    |PktHandler    |1  |Dropping client 160 because of ping timeout 19 0 0
2020-10-28 19:50:47.590040|INFO    |PktHandler    |1  |Dropping client 165 because of ping timeout 19 0 0
2020-10-28 20:30:44.636119|INFO    |PktHandler    |1  |Dropping client 166 because of ping timeout 19 0 0
2020-10-28 20:35:39.141438|INFO    |PktHandler    |1  |Dropping client 161 because of ping timeout 19 0 0
2020-10-28 21:21:59.408538|INFO    |PktHandler    |1  |Cleaning up connection because of 14 resends of COMMAND packet
2020-10-28 21:21:59.409570|INFO    |PktHandler    |1  |Dropping client 164 because of resend timeout
2020-10-28 21:37:02.577069|INFO    |PktHandler    |1  |Dropping client 167 because of ping timeout 19 0 0
2020-10-29 18:26:49.201799|INFO    |PktHandler    |1  |Dropping client 170 because of ping timeout 19 0 0
2020-10-29 19:54:02.904546|INFO    |VirtualServer |1  |client (id:20) was added to servergroup 'Server Admin'(id:6) by client 'Drakown1'(id:11)
2020-10-29 21:21:11.628675|INFO    |PktHandler    |1  |Dropping client 174 because of ping timeout 19 0 0
2020-10-30 14:55:15.219599|INFO    |VirtualServer |1  |client (id:16) was added to servergroup 'Server Admin'(id:6) by client 'sugo'(id:3)
2020-10-30 18:35:54.338649|INFO    |PktHandler    |1  |Dropping client 178 because of ping timeout 19 0 0
2020-10-30 19:08:10.538077|INFO    |PktHandler    |1  |Dropping client 186 because of ping timeout 19 0 0
2020-10-30 20:13:59.162864|INFO    |PktHandler    |1  |Dropping client 187 because of ping timeout 19 0 0
2020-10-30 20:18:47.628010|INFO    |PktHandler    |1  |Dropping client 188 because of ping timeout 19 0 0
2020-10-30 22:12:50.453427|INFO    |PktHandler    |1  |Dropping client 189 because of ping timeout 19 0 0
2020-10-30 22:19:04.057321|INFO    |PktHandler    |1  |Dropping client 190 because of ping timeout 19 0 0
2020-10-30 22:27:51.917488|INFO    |PktHandler    |1  |Dropping client 191 because of ping timeout 19 0 0
2020-10-31 13:39:32.165541|INFO    |PktHandler    |1  |Dropping client 181 because of ping timeout 19 0 0
2020-10-31 16:59:53.959170|INFO    |PktHandler    |1  |Dropping client 195 because of ping timeout 19 0 0
2020-10-31 18:04:59.253296|INFO    |PktHandler    |1  |Dropping client 197 because of ping timeout 19 0 0
2020-10-31 18:44:59.111688|INFO    |PktHandler    |1  |Dropping client 199 because of ping timeout 19 0 0
2020-10-31 18:54:33.087199|INFO    |PktHandler    |1  |Dropping client 200 because of ping timeout 19 0 0
2020-10-31 20:34:36.100335|INFO    |PktHandler    |1  |Dropping client 201 because of ping timeout 19 0 0
2020-11-01 13:32:12.199701|INFO    |PktHandler    |1  |Dropping client 198 because of ping timeout 19 0 0
2020-11-01 15:42:19.887645|INFO    |PktHandler    |1  |Dropping client 205 because of ping timeout 19 0 0
2020-11-01 15:52:55.975527|INFO    |PktHandler    |1  |Dropping client 207 because of ping timeout 19 0 0
2020-11-01 18:30:36.033757|INFO    |PktHandler    |1  |Dropping client 209 because of ping timeout 19 0 0
2020-11-01 18:30:36.035237|INFO    |PktHandler    |1  |Dropping client 206 because of ping timeout 19 0 0
2020-11-02 17:41:32.810794|INFO    |PktHandler    |1  |Dropping client 214 because of ping timeout 19 0 0
2020-11-02 18:26:04.065264|INFO    |PktHandler    |1  |Dropping client 217 because of ping timeout 19 0 0
2020-11-02 20:00:04.518272|INFO    |PktHandler    |1  |Cleaning up connection because of 14 resends of COMMAND packet
2020-11-02 20:00:04.519134|INFO    |PktHandler    |1  |Dropping client 216 because of resend timeout
2020-11-02 20:44:47.997840|INFO    |PktHandler    |1  |Dropping client 220 because of ping timeout 19 0 0
2020-11-02 21:17:39.389114|INFO    |PktHandler    |1  |Dropping client 221 because of ping timeout 19 0 0
2020-11-02 22:09:11.581203|INFO    |PktHandler    |1  |Dropping client 222 because of ping timeout 19 0 0
2020-11-02 22:27:51.321475|INFO    |PktHandler    |1  |Dropping client 223 because of ping timeout 19 0 0
2020-11-03 16:44:28.264054|INFO    |PktHandler    |1  |Dropping client 226 because of ping timeout 19 0 0
2020-11-03 16:45:32.462047|INFO    |PktHandler    |1  |Cleaning up connection because of 9 resends of COMMAND packet
2020-11-03 16:45:32.462451|INFO    |PktHandler    |1  |Dropping client 228 because of resend timeout
2020-11-03 19:42:55.229883|INFO    |PktHandler    |1  |Dropping client 229 because of ping timeout 19 0 0
2020-11-03 19:54:00.331471|INFO    |PktHandler    |1  |Dropping client 236 because of ping timeout 19 0 0
2020-11-04 11:51:56.817554|INFO    |PktHandler    |1  |Dropping client 238 because of ping timeout 19 0 0
2020-11-04 11:58:10.412665|INFO    |PktHandler    |1  |Dropping client 239 because of ping timeout 19 0 0
2020-11-04 14:21:06.325048|INFO    |PktHandler    |1  |Dropping client 241 because of ping timeout 19 0 0
2020-11-04 15:02:59.417881|INFO    |PktHandler    |1  |Dropping client 242 because of ping timeout 19 0 0
2020-11-04 19:46:51.292733|INFO    |PktHandler    |1  |Dropping client 244 because of ping timeout 19 0 0
2020-11-04 20:28:06.446084|INFO    |PktHandler    |1  |Dropping client 248 because of ping timeout 19 0 0
2020-11-04 21:12:48.983479|INFO    |PktHandler    |1  |Dropping client 249 because of ping timeout 19 0 0
2020-11-04 21:14:00.010006|INFO    |PktHandler    |1  |Cleaning up connection because of 14 resends of COMMAND packet
2020-11-04 21:14:00.010649|INFO    |PktHandler    |1  |Dropping client 243 because of resend timeout
2020-11-05 01:11:13.893151|INFO    |PktHandler    |1  |Dropping client 251 because of ping timeout 19 0 0
2020-11-05 07:25:16.185641|INFO    |PktHandler    |1  |Dropping client 253 because of ping timeout 19 0 0
2020-11-05 18:24:41.464016|INFO    |PktHandler    |1  |Dropping client 255 because of ping timeout 19 0 0
2020-11-05 18:58:03.793600|INFO    |PktHandler    |1  |Dropping client 258 because of ping timeout 19 0 0
2020-11-05 20:44:39.534689|INFO    |PktHandler    |1  |Dropping client 259 because of ping timeout 19 0 0
2020-11-05 21:30:30.219468|INFO    |PktHandler    |1  |Dropping client 261 because of ping timeout 19 0 0
2020-11-06 16:42:57.715372|INFO    |PktHandler    |1  |Dropping client 254 because of ping timeout 19 0 0
2020-11-06 20:08:19.641182|INFO    |PktHandler    |1  |Dropping client 265 because of ping timeout 19 0 0
2020-11-06 20:50:55.028433|INFO    |PktHandler    |1  |Dropping client 271 because of ping timeout 19 0 0
2020-11-06 22:42:09.035289|INFO    |PktHandler    |1  |Dropping client 270 because of ping timeout 19 0 0
2020-11-06 23:17:17.338597|INFO    |PktHandler    |1  |Dropping client 272 because of ping timeout 19 0 0
2020-11-06 23:49:50.461384|INFO    |PktHandler    |1  |Dropping client 274 because of ping timeout 19 0 0
2020-11-07 09:11:24.775934|INFO    |PktHandler    |1  |Dropping client 276 because of ping timeout 19 0 0
2020-11-07 16:16:28.299796|INFO    |PktHandler    |1  |Dropping client 277 because of ping timeout 19 0 0
2020-11-08 07:46:58.377156|INFO    |PktHandler    |1  |Dropping client 289 because of ping timeout 19 0 0
2020-11-08 10:58:29.549620|INFO    |PktHandler    |1  |Dropping client 291 because of ping timeout 19 0 0
2020-11-08 13:27:25.360573|INFO    |PktHandler    |1  |Dropping client 294 because of ping timeout 19 0 0
2020-11-08 14:09:52.571184|INFO    |PktHandler    |1  |Dropping client 296 because of ping timeout 19 0 0
2020-11-08 17:19:44.987017|INFO    |PktHandler    |1  |Dropping client 295 because of ping timeout 19 0 0
2020-11-08 17:56:38.760087|INFO    |PktHandler    |1  |Dropping client 298 because of ping timeout 19 0 0
2020-11-09 10:08:40.617641|INFO    |PktHandler    |1  |Dropping client 307 because of ping timeout 19 0 0
2020-11-09 10:16:14.413680|INFO    |PktHandler    |1  |Dropping client 308 because of ping timeout 19 0 0
2020-11-09 10:30:06.881557|INFO    |PktHandler    |1  |Dropping client 305 because of ping timeout 19 0 0
2020-11-09 10:39:57.917325|INFO    |PktHandler    |1  |Dropping client 309 because of ping timeout 19 0 0
2020-11-09 10:45:59.553367|INFO    |PktHandler    |1  |Dropping client 310 because of ping timeout 19 0 0
2020-11-09 14:31:54.161631|INFO    |PktHandler    |1  |Dropping client 311 because of ping timeout 19 0 0
2020-11-09 15:57:31.263517|INFO    |PktHandler    |1  |Dropping client 314 because of ping timeout 19 0 0
2020-11-09 17:46:53.309435|INFO    |PktHandler    |1  |Dropping client 315 because of ping timeout 19 0 0
2020-11-09 18:12:05.821818|INFO    |PktHandler    |1  |Dropping client 304 because of ping timeout 19 0 0
2020-11-09 21:36:38.555897|INFO    |PktHandler    |1  |Dropping client 318 because of ping timeout 19 0 0
2020-11-10 03:03:19.046502|INFO    |PktHandler    |1  |Dropping client 320 because of ping timeout 19 0 0
2020-11-10 15:42:53.484590|INFO    |PktHandler    |1  |Dropping client 323 because of ping timeout 19 0 0
2020-11-10 19:25:01.708311|INFO    |PktHandler    |1  |Dropping client 326 because of ping timeout 19 0 0
2020-11-10 19:57:10.071087|INFO    |PktHandler    |1  |Dropping client 330 because of ping timeout 19 0 0
2020-11-11 10:50:20.845303|INFO    |PktHandler    |1  |Dropping client 335 because of ping timeout 19 0 0
2020-11-11 14:03:23.687605|INFO    |PktHandler    |1  |Dropping client 336 because of ping timeout 19 0 0
2020-11-11 15:27:37.565004|INFO    |PktHandler    |1  |Dropping client 337 because of ping timeout 19 0 0
2020-11-11 16:30:36.226822|INFO    |PktHandler    |1  |Dropping client 338 because of ping timeout 19 0 0
2020-11-11 17:22:05.516712|INFO    |PktHandler    |1  |Dropping client 334 because of ping timeout 19 0 0
2020-11-11 19:32:39.210641|INFO    |PktHandler    |1  |Dropping client 340 because of ping timeout 19 0 0
2020-11-11 19:48:18.910919|INFO    |PktHandler    |1  |Dropping client 346 because of ping timeout 19 0 0
2020-11-11 21:52:55.022887|INFO    |PktHandler    |1  |Dropping client 347 because of ping timeout 19 0 0
2020-11-12 10:26:02.343467|INFO    |PktHandler    |1  |Dropping client 352 because of ping timeout 19 0 0
2020-11-12 11:13:01.316361|INFO    |PktHandler    |1  |Dropping client 354 because of ping timeout 19 0 0
2020-11-12 14:51:42.252234|INFO    |VirtualServer |1  |client (id:15) was added to servergroup 'Server Admin'(id:6) by client 'sugo'(id:3)
2020-11-12 15:09:41.595534|INFO    |VirtualServer |1  |client (id:17) was added to servergroup 'Server Admin'(id:6) by client 'sugo'(id:3)
2020-11-12 19:01:57.196985|INFO    |PktHandler    |1  |Dropping client 355 because of ping timeout 19 0 0
2020-11-12 19:11:09.176232|INFO    |PktHandler    |1  |Dropping client 362 because of ping timeout 19 0 0
2020-11-12 21:30:46.952145|INFO    |PktHandler    |1  |Dropping client 365 because of ping timeout 19 0 0
2020-11-13 17:24:03.506899|INFO    |PktHandler    |1  |Dropping client 368 because of ping timeout 19 0 0
2020-11-13 18:23:51.398024|INFO    |PktHandler    |1  |Dropping client 378 because of ping timeout 19 0 0
2020-11-13 19:34:14.723853|INFO    |PktHandler    |1  |Dropping client 370 because of ping timeout 19 0 0
2020-11-14 10:40:29.652821|INFO    |PktHandler    |1  |Dropping client 385 because of ping timeout 19 0 0
2020-11-14 11:28:58.624347|INFO    |PktHandler    |1  |Dropping client 386 because of ping timeout 19 0 0
2020-11-14 18:38:33.486102|INFO    |PktHandler    |1  |Dropping client 387 because of ping timeout 19 0 0
2020-11-14 21:19:38.175697|INFO    |PktHandler    |1  |Dropping client 383 because of ping timeout 19 0 0
2020-11-14 21:37:01.981709|INFO    |PktHandler    |1  |Dropping client 392 because of ping timeout 19 0 0
2020-11-15 15:06:40.161778|INFO    |PktHandler    |1  |Dropping client 400 because of ping timeout 19 0 0
2020-11-15 15:06:41.165050|INFO    |PktHandler    |1  |Dropping client 379 because of ping timeout 19 0 0
2020-11-15 15:53:20.088349|INFO    |PktHandler    |1  |Dropping client 405 because of ping timeout 19 0 0
2020-11-15 15:57:08.491572|INFO    |PktHandler    |1  |Dropping client 406 because of ping timeout 19 0 0
2020-11-15 18:57:14.011031|INFO    |VirtualServer |1  |client (id:21) was added to servergroup 'Server Admin'(id:6) by client 'Drakown'(id:11)
2020-11-16 15:10:38.133640|INFO    |PktHandler    |1  |Dropping client 412 because of ping timeout 19 0 0
2020-11-16 15:57:53.322667|INFO    |PktHandler    |1  |Dropping client 414 because of ping timeout 19 0 0
2020-11-16 20:08:17.707489|INFO    |PktHandler    |1  |Dropping client 417 because of ping timeout 19 0 0
2020-11-16 22:12:33.720625|INFO    |PktHandler    |1  |Dropping client 421 because of ping timeout 19 0 0
2020-11-16 22:13:01.869919|INFO    |PktHandler    |1  |Cleaning up connection because of 14 resends of COMMAND packet
2020-11-16 22:13:01.870242|INFO    |PktHandler    |1  |Dropping client 419 because of resend timeout
2020-11-17 09:04:44.825522|INFO    |PktHandler    |1  |Dropping client 426 because of ping timeout 19 0 0
2020-11-17 17:27:39.430233|INFO    |PktHandler    |1  |Dropping client 427 because of ping timeout 19 0 0
2020-11-17 17:44:32.166418|INFO    |PktHandler    |1  |Dropping client 430 because of ping timeout 19 0 0
2020-11-17 17:45:37.283318|INFO    |PktHandler    |1  |Dropping client 428 because of ping timeout 19 0 0
2020-11-17 20:19:54.235514|INFO    |VirtualServerBase|1  |stopped
